C251 COMPILER V5.60.0,  init                                                               09/07/22  13:55:25  PAGE 1   


C251 COMPILER V5.60.0, COMPILATION OF MODULE init
OBJECT MODULE PLACED IN init.OBJ
COMPILER INVOKED BY: C:\Keil_v5\C251\BIN\C251.EXE init.c XSMALL INTR2 BROWSE DEBUG

stmt  level    source

    1          /*---------------------------------------------------------------------*/
    2          /* --- STC MCU Limited ------------------------------------------------*/
    3          /* --- STC 1T Series MCU Demo Programme -------------------------------*/
    4          /* --- Mobile: (86)13922805190 ----------------------------------------*/
    5          /* --- Fax: 86-0513-55012956,55012947,55012969 ------------------------*/
    6          /* --- Tel: 86-0513-55012928,55012929,55012966 ------------------------*/
    7          /* --- Web: www.STCMCU.com --------------------------------------------*/
    8          /* --- Web: www.STCMCUDATA.com  ---------------------------------------*/
    9          /* --- QQ:  800003751 -------------------------------------------------*/
   10          /* 如果要在程序中使用此代码,请在程序中注明使用了STC的资料及程序            */
   11          /*---------------------------------------------------------------------*/
   12          
   13          
   14          /*************  本程序功能说明  **************
   15          
   16          本例程基于STC32G转STC89系列转接板（降龙棍）进行编写测试。
   17          
   18          按一次P3.2(INT0)按键，P1.0口翻转一次，对应的LED灯状态改变一次。
   19          
   20          按一次P3.3(INT1)按键，P1.1口翻转一次，对应的LED灯状态改变一次。
   21          
   22          由于按键是机械按键, 按下有抖动, 而本例程没有去抖动处理, 所以按一次有多多次翻转也是正常的.
   23          
   24          INT2, INT3, INT4 实验板上没有引出测试按键，供需要时参考使用.
   25          
   26          此外程序演示两种复位进入USB下载模式的方法：
   27          1. 通过每1毫秒执行一次“KeyResetScan”函数，实现长按P3.2口按键触发MCU复位，进入USB下载模式。
   28          2. 通过加载“stc_usb_hid_32g.lib”库函数，实现使用STC-ISP软件发送指令触发MCU复位，进入USB下载模式并自动下
             -载。
   29          
   30          下载时, 选择时钟 24MHZ (用户可自行修改频率).
   31          
   32          ******************************************/
   33          
   34          #include "../comm/STC32G.h"  //包含此头文件后，不需要再包含"reg51.h"头文件
   35          #include "../comm/usb.h"     //USB调试及复位所需头文件
   36          
   37          /****************************** 用户定义宏 ***********************************/
   38          
   39          #define MAIN_Fosc       24000000L   //定义主时钟
   40          #define Timer0_Reload   (65536UL -(MAIN_Fosc / 1000))       //Timer 0 中断频率, 1000次/秒
   41          
   42          /*****************************************************************************/
   43          
   44          /*************  本地常量声明    **************/
   45          
   46          //USB调试及复位所需定义
   47          char *USER_DEVICEDESC = NULL;
   48          char *USER_PRODUCTDESC = NULL;
   49          char *USER_STCISPCMD = "@STCISP#";                      //设置自动复位到ISP区的用户接口命令
   50          
   51          /*************  IO口定义    **************/
   52          
   53          /*************  本地变量声明    **************/
   54          
   55          //P3.2口按键复位所需变量
   56          bit Key_Flag;
   57          u16 Key_cnt;
   58          
C251 COMPILER V5.60.0,  init                                                               09/07/22  13:55:25  PAGE 2   

   59          void KeyResetScan(void);
   60          void delay_ms(u8 ms);
   61          
   62          /********************** 主函数 ************************/
   63          void main(void)
   64          {
   65   1          WTST = 0;  //设置程序指令延时参数，赋值为0可将CPU执行指令的速度设置为最快
   66   1          EAXFR = 1; //扩展寄存器(XFR)访问使能
   67   1          CKCON = 0; //提高访问XRAM速度
   68   1      
   69   1          P0M1 = 0x00;   P0M0 = 0x00;   //设置为准双向口
   70   1          P1M1 = 0x00;   P1M0 = 0x00;   //设置为准双向口
   71   1          P2M1 = 0x00;   P2M0 = 0x00;   //设置为准双向口
   72   1          P3M1 = 0x00;   P3M0 = 0x00;   //设置为准双向口
   73   1          P4M1 = 0x00;   P4M0 = 0x00;   //设置为准双向口
   74   1          P5M1 = 0x00;   P5M0 = 0x00;   //设置为准双向口
   75   1          P6M1 = 0x00;   P6M0 = 0x00;   //设置为准双向口
   76   1          P7M1 = 0x00;   P7M0 = 0x00;   //设置为准双向口
   77   1      
   78   1          //USB调试及复位所需代码-----
   79   1          P3M0 &= ~0x03;
   80   1          P3M1 |= 0x03;
   81   1          IRC48MCR = 0x80;
   82   1          while (!(IRC48MCR & 0x01));
   83   1          usb_init();
   84   1          //-------------------------
   85   1      
   86   1          IE1  = 0;   //外中断1标志位
   87   1          IE0  = 0;   //外中断0标志位
   88   1          EX1 = 1;    //INT1 Enable
   89   1          EX0 = 1;    //INT0 Enable
   90   1      
   91   1          IT0 = 1;        //INT0 下降沿中断       
   92   1      //  IT0 = 0;        //INT0 上升,下降沿中断  
   93   1          IT1 = 1;        //INT1 下降沿中断       
   94   1      //  IT1 = 0;        //INT1 上升,下降沿中断  
   95   1      
   96   1          //INT2, INT3, INT4 实验板上没有引出测试按键，供需要时参考使用
   97   1      //    EX2 = 1;    //使能 INT2 下降沿中断
   98   1      //    EX3 = 1;    //使能 INT3 下降沿中断
   99   1      //    EX4 = 1;    //使能 INT4 下降沿中断
  100   1      
  101   1          EUSB = 1;   //IE2相关的中断位操作使能后，需要重新设置EUSB
  102   1          EA = 1;     //允许总中断
  103   1      
  104   1          while(1)
  105   1          {
  106   2              if (bUsbOutReady) //USB调试及复位所需代码
  107   2              {
  108   3      //            memcpy(UsbInBuffer, UsbOutBuffer, 64);      //原路返回, 用于测试HID
  109   3      //            usb_IN();
  110   3                  
  111   3                  usb_OUT_done();
  112   3              }
  113   2      
  114   2              KeyResetScan();   //P3.2口按键触发软件复位，进入USB下载模式，不需要此功能可删除本行代码
  115   2              delay_ms(1);
  116   2          }
  117   1      } 
  118          /**********************************************/
  119          
  120          /********************* INT0中断函数 *************************/
  121          void INT0_int (void) interrupt 0      //进中断时已经清除标志
  122          {
  123   1          P10 = !P10;
  124   1      }
C251 COMPILER V5.60.0,  init                                                               09/07/22  13:55:25  PAGE 3   

  125          
  126          /********************* INT1中断函数 *************************/
  127          void INT1_int (void) interrupt 2      //进中断时已经清除标志
  128          {
  129   1          P11 = !P11;
  130   1      }
  131          
  132          /********************* INT2中断函数 *************************/
  133          void INT2_int (void) interrupt 10     //进中断时已经清除标志
  134          {
  135   1          P52 = !P52;
  136   1      }
  137          
  138          /********************* INT3中断函数 *************************/
  139          void INT3_int (void) interrupt 11     //进中断时已经清除标志
  140          {
  141   1          P13 = !P13;
  142   1      }
  143          
  144          /********************* INT4中断函数 *************************/
  145          void INT4_int (void) interrupt 16     //进中断时已经清除标志
  146          {
  147   1          P14 = !P14;
  148   1      }
  149          
  150          //========================================================================
  151          // 函数: void delay_ms(u8 ms)
  152          // 描述: 延时函数。
  153          // 参数: ms,要延时的ms数, 这里只支持1~255ms. 自动适应主时钟.
  154          // 返回: none.
  155          // 版本: VER1.0
  156          // 日期: 2022-6-3
  157          // 备注: 
  158          //========================================================================
  159          void delay_ms(u8 ms)
  160          {
  161   1          u16 i;
  162   1          do{
  163   2              i = MAIN_Fosc / 6000;
  164   2              while(--i);   //6T per loop
  165   2          }while(--ms);
  166   1      }
  167          
  168          //========================================================================
  169          // 函数: void KeyResetScan(void)
  170          // 描述: P3.2口按键长按1秒触发软件复位，进入USB下载模式。
  171          // 参数: none.
  172          // 返回: none.
  173          // 版本: VER1.0
  174          // 日期: 2022-6-11
  175          // 备注: 
  176          //========================================================================
  177          void KeyResetScan(void)
  178          {
  179   1          if(!P32)
  180   1          {
  181   2              if(!Key_Flag)
  182   2              {
  183   3                  Key_cnt++;
  184   3                  if(Key_cnt >= 1000)         //连续1000ms有效按键检测
  185   3                  {
  186   4                      Key_Flag = 1;           //设置按键状态，防止重复触发
  187   4      
  188   4                      USBCON = 0x00;      //清除USB设置
  189   4                      USBCLK = 0x00;
  190   4                      IRC48MCR = 0x00;
C251 COMPILER V5.60.0,  init                                                               09/07/22  13:55:25  PAGE 4   

  191   4                      
  192   4                      delay_ms(10);
  193   4                      IAP_CONTR = 0x60;   //触发软件复位，从ISP开始执行
  194   4                      while (1);
  195   4                  }
  196   3              }
  197   2          }
  198   1          else
  199   1          {
  200   2              Key_cnt = 0;
  201   2              Key_Flag = 0;
  202   2          }
  203   1      }
  204          


Module Information          Static   Overlayable
------------------------------------------------
  code size            =       294     ------
  ecode size           =    ------     ------
  data size            =    ------     ------
  idata size           =    ------     ------
  pdata size           =    ------     ------
  xdata size           =    ------     ------
  xdata-const size     =    ------     ------
  edata size           =        14     ------
  bit size             =         1     ------
  ebit size            =    ------     ------
  bitaddressable size  =    ------     ------
  ebitaddressable size =    ------     ------
  far data size        =    ------     ------
  huge data size       =    ------     ------
  const size           =    ------     ------
  hconst size          =        33     ------
End of Module Information.


C251 COMPILATION COMPLETE.  0 WARNING(S),  0 ERROR(S)
