C251 COMPILER V5.60.0,  pwmb                                                               24/03/23  00:55:27  PAGE 1   


C251 COMPILER V5.60.0, COMPILATION OF MODULE pwmb
OBJECT MODULE PLACED IN .\Objects\pwmb.obj
COMPILER INVOKED BY: C:\Keil_v5\C251\BIN\C251.EXE Sources\Task\src\pwmb.c XSMALL FUNCTIONS(REENTRANT) OPTIMIZE(4,SPEED) 
                    -BROWSE INCDIR(.\Sources\User;.\Sources\User\include;.\Sources\FreeRTOS\include;.\Sources\FreeRTOS\portable\STC32G12K128;
                    -.\Sources\Driver\inc;.\Sources\Task\inc;.\Sources\ch395) DEBUG PRINT(.\Listings\pwmb.lst) TABS(2) OBJECT(.\Objects\pwmb.
                    -obj) 

stmt  level    source

    1          /*---------------------------------------------------------------------*/
    2          /* --- STC MCU Limited ------------------------------------------------*/
    3          /* --- STC 1T Series MCU Demo Programme -------------------------------*/
    4          /* --- Mobile: (86)13922805190 ----------------------------------------*/
    5          /* --- Fax: 86-0513-55012956,55012947,55012969 ------------------------*/
    6          /* --- Tel: 86-0513-55012928,55012929,55012966 ------------------------*/
    7          /* --- Web: www.STCMCU.com --------------------------------------------*/
    8          /* --- Web: www.STCMCUDATA.com  ---------------------------------------*/
    9          /* --- QQ:  800003751 -------------------------------------------------*/
   10          /* å¦‚æžœè¦åœ¨ç¨‹åºä¸­ä½¿ç”¨æ­¤ä»£ç ,è¯·åœ¨ç¨‹åºä¸­æ³¨æ˜Žä½¿ç”¨äº†STCçš„èµ„æ–™åŠç¨‹åº            */
   11          /*---------------------------------------------------------------------*/
   12          
   13          
   14          /*************  åŠŸèƒ½è¯´æ˜Ž    **************
   15          
   16          æœ¬ä¾‹ç¨‹åŸºäºŽSTC32Gä¸ºä¸»æŽ§èŠ¯ç‰‡çš„å®žéªŒç®±9è¿›è¡Œç¼–å†™æµ‹è¯•.
   17          
   18          é«˜çº§PWMBå®šæ—¶å™¨ PWM5,PWM6,PWM7,PWM8 æ¯ä¸ªé€šé“éƒ½å¯ç‹¬ç«‹å®žçŽ°PWMè¾“å‡º.
   19          
   20          4ä¸ªé€šé“PWMæ ¹æ®éœ€è¦è®¾ç½®å¯¹åº”è¾“å‡ºå£ï¼Œå¯é€šè¿‡ç¤ºæ³¢å™¨è§‚å¯Ÿè¾“å‡ºå‘¼å¸ç¯æ•ˆæžœçš„è„‰å†²ä¿
             -¡å·.
   21          
   22          PWMå‘¨æœŸå’Œå ç©ºæ¯”å¯ä»¥è‡ªå®šä¹‰è®¾ç½®ï¼Œæœ€é«˜å¯è¾¾65535.
   23          
   24          ******************************************/
   25          
   26          #include "FreeRTOS.h"
   27          #include "task.h"
   28          #include "STC32G_PWM.h"
   29          #include "STC32G_NVIC.h"
   30          #include "pwmb.h"
   31          
   32          #define PWMB_PERIOD     2047  //å®šä¹‰PWMå‘¨æœŸ
   33          
   34          PWMx_Duty PWMB_Duty;
   35          bit PWM5_Flag;
   36          bit PWM6_Flag;
   37          bit PWM7_Flag;
   38          bit PWM8_Flag;
   39          
   40          void PWMB_Output_init(void);
   41          
   42          /* PWMBä»»åŠ¡å‡½æ•° */
   43          portTASK_FUNCTION( vPWMB_LedTask, pvParameters )
   44          {
   45   1          UNUSED( pvParameters );
   46   1      
   47   1        PWMB_Output_init();
   48   1      
   49   1          while(1)
   50   1          {
   51   2              if(!PWM5_Flag)
   52   2              {
   53   3                  PWMB_Duty.PWM5_Duty++;
   54   3                  if(PWMB_Duty.PWM5_Duty >= PWMB_PERIOD) PWM5_Flag = 1;
   55   3              }
C251 COMPILER V5.60.0,  pwmb                                                               24/03/23  00:55:27  PAGE 2   

   56   2              else
   57   2              {
   58   3                  PWMB_Duty.PWM5_Duty--;
   59   3                  if(PWMB_Duty.PWM5_Duty <= 0) PWM5_Flag = 0;
   60   3              }
   61   2      
   62   2              if(!PWM6_Flag)
   63   2              {
   64   3                  PWMB_Duty.PWM6_Duty++;
   65   3                  if(PWMB_Duty.PWM6_Duty >= PWMB_PERIOD) PWM6_Flag = 1;
   66   3              }
   67   2              else
   68   2              {
   69   3                  PWMB_Duty.PWM6_Duty--;
   70   3                  if(PWMB_Duty.PWM6_Duty <= 0) PWM6_Flag = 0;
   71   3              }
   72   2      
   73   2              if(!PWM7_Flag)
   74   2              {
   75   3                  PWMB_Duty.PWM7_Duty++;
   76   3                  if(PWMB_Duty.PWM7_Duty >= PWMB_PERIOD) PWM7_Flag = 1;
   77   3              }
   78   2              else
   79   2              {
   80   3                  PWMB_Duty.PWM7_Duty--;
   81   3                  if(PWMB_Duty.PWM7_Duty <= 0) PWM7_Flag = 0;
   82   3              }
   83   2      
   84   2              if(!PWM8_Flag)
   85   2              {
   86   3                  PWMB_Duty.PWM8_Duty++;
   87   3                  if(PWMB_Duty.PWM8_Duty >= PWMB_PERIOD) PWM8_Flag = 1;
   88   3              }
   89   2              else
   90   2              {
   91   3                  PWMB_Duty.PWM8_Duty--;
   92   3                  if(PWMB_Duty.PWM8_Duty <= 0) PWM8_Flag = 0;
   93   3              }
   94   2              
   95   2              UpdatePwm(PWMB, &PWMB_Duty);
   96   2              
   97   2              vTaskDelay(1);
   98   2          }
   99   1          
  100   1          vTaskDelete(NULL);
  101   1      }   
  102          
  103          //========================================================================
  104          // å‡½æ•°: PWMB_Output_init
  105          // æè¿°: ç”¨æˆ·åˆå§‹åŒ–ç¨‹åº.
  106          // å‚æ•°: None.
  107          // è¿”å›ž: None.
  108          // ç‰ˆæœ¬: V1.0, 2020-09-28
  109          //========================================================================
  110          void PWMB_Output_init(void)
  111          {
  112   1        PWMx_InitDefine   PWMx_InitStructure;
  113   1        
  114   1        PWMB_Duty.PWM5_Duty = 128;
  115   1        PWMB_Duty.PWM6_Duty = 256;
  116   1        PWMB_Duty.PWM7_Duty = 512;
  117   1        PWMB_Duty.PWM8_Duty = 1024;
  118   1      
  119   1        PWMx_InitStructure.PWM_Mode    =  CCMRn_PWM_MODE1;  //æ¨¡å¼,   CCMRn_FREEZE,CCMRn_MATCH_VALID,CCMRn_MATCH_
             -INVALID,CCMRn_ROLLOVER,CCMRn_FORCE_INVALID,CCMRn_FORCE_VALID,CCMRn_PWM_MODE1,CCMRn_PWM_MODE2
  120   1        PWMx_InitStructure.PWM_Duty    = PWMB_Duty.PWM5_Duty; //PWMå ç©ºæ¯”æ—¶é—´, 0~Period
C251 COMPILER V5.60.0,  pwmb                                                               24/03/23  00:55:27  PAGE 3   

  121   1        PWMx_InitStructure.PWM_EnoSelect   = ENO5P;       //è¾“å‡ºé€šé“é€‰æ‹©, ENO1P,ENO1N,ENO2P,ENO2N,ENO3P,ENO3N
             -,ENO4P,ENO4N / ENO5P,ENO6P,ENO7P,ENO8P
  122   1        PWM_Configuration(PWM5, &PWMx_InitStructure);     //åˆå§‹åŒ–PWM,  PWMA,PWMB
  123   1      
  124   1        PWMx_InitStructure.PWM_Mode    =  CCMRn_PWM_MODE1;  //æ¨¡å¼,   CCMRn_FREEZE,CCMRn_MATCH_VALID,CCMRn_MATCH_
             -INVALID,CCMRn_ROLLOVER,CCMRn_FORCE_INVALID,CCMRn_FORCE_VALID,CCMRn_PWM_MODE1,CCMRn_PWM_MODE2
  125   1        PWMx_InitStructure.PWM_Duty    = PWMB_Duty.PWM6_Duty; //PWMå ç©ºæ¯”æ—¶é—´, 0~Period
  126   1        PWMx_InitStructure.PWM_EnoSelect   = ENO6P;       //è¾“å‡ºé€šé“é€‰æ‹©, ENO1P,ENO1N,ENO2P,ENO2N,ENO3P,ENO3N
             -,ENO4P,ENO4N / ENO5P,ENO6P,ENO7P,ENO8P
  127   1        PWM_Configuration(PWM6, &PWMx_InitStructure);     //åˆå§‹åŒ–PWM,  PWMA,PWMB
  128   1      
  129   1        PWMx_InitStructure.PWM_Mode    =  CCMRn_PWM_MODE1;  //æ¨¡å¼,   CCMRn_FREEZE,CCMRn_MATCH_VALID,CCMRn_MATCH_
             -INVALID,CCMRn_ROLLOVER,CCMRn_FORCE_INVALID,CCMRn_FORCE_VALID,CCMRn_PWM_MODE1,CCMRn_PWM_MODE2
  130   1        PWMx_InitStructure.PWM_Duty    = PWMB_Duty.PWM7_Duty; //PWMå ç©ºæ¯”æ—¶é—´, 0~Period
  131   1        PWMx_InitStructure.PWM_EnoSelect   = ENO7P;       //è¾“å‡ºé€šé“é€‰æ‹©, ENO1P,ENO1N,ENO2P,ENO2N,ENO3P,ENO3N
             -,ENO4P,ENO4N / ENO5P,ENO6P,ENO7P,ENO8P
  132   1        PWM_Configuration(PWM7, &PWMx_InitStructure);     //åˆå§‹åŒ–PWM,  PWMA,PWMB
  133   1      
  134   1        PWMx_InitStructure.PWM_Mode    =  CCMRn_PWM_MODE1;  //æ¨¡å¼,   CCMRn_FREEZE,CCMRn_MATCH_VALID,CCMRn_MATCH_
             -INVALID,CCMRn_ROLLOVER,CCMRn_FORCE_INVALID,CCMRn_FORCE_VALID,CCMRn_PWM_MODE1,CCMRn_PWM_MODE2
  135   1        PWMx_InitStructure.PWM_Duty    = PWMB_Duty.PWM8_Duty; //PWMå ç©ºæ¯”æ—¶é—´, 0~Period
  136   1        PWMx_InitStructure.PWM_EnoSelect   = ENO8P;       //è¾“å‡ºé€šé“é€‰æ‹©, ENO1P,ENO1N,ENO2P,ENO2N,ENO3P,ENO3N
             -,ENO4P,ENO4N / ENO5P,ENO6P,ENO7P,ENO8P
  137   1        PWM_Configuration(PWM8, &PWMx_InitStructure);     //åˆå§‹åŒ–PWM,  PWMA,PWMB
  138   1      
  139   1        PWMx_InitStructure.PWM_Period   = PWMB_PERIOD;      //å‘¨æœŸæ—¶é—´,   0~65535
  140   1        PWMx_InitStructure.PWM_DeadTime = 0;          //æ­»åŒºå‘ç”Ÿå™¨è®¾ç½®, 0~255
  141   1        PWMx_InitStructure.PWM_MainOutEnable= ENABLE;     //ä¸»è¾“å‡ºä½¿èƒ½, ENABLE,DISABLE
  142   1        PWMx_InitStructure.PWM_CEN_Enable   = ENABLE;     //ä½¿èƒ½è®¡æ•°å™¨, ENABLE,DISABLE
  143   1        PWM_Configuration(PWMB, &PWMx_InitStructure);     //åˆå§‹åŒ–PWMé€šç”¨å¯„å­˜å™¨,  PWMA,PWMB
  144   1      
  145   1        PWM5_USE_P20();
  146   1        PWM6_USE_P21();
  147   1        PWM7_USE_P22();
  148   1        PWM8_USE_P23();
  149   1      
  150   1        NVIC_PWM_Init(PWMB,DISABLE,Priority_0);
  151   1      }


Module Information          Static   Overlayable
------------------------------------------------
  code size            =       435     ------
  ecode size           =    ------     ------
  data size            =    ------     ------
  idata size           =    ------     ------
  pdata size           =    ------     ------
  xdata size           =    ------     ------
  xdata-const size     =    ------     ------
  edata size           =        16     ------
  bit size             =         4     ------
  ebit size            =    ------     ------
  bitaddressable size  =    ------     ------
  ebitaddressable size =    ------     ------
  far data size        =    ------     ------
  huge data size       =    ------     ------
  const size           =    ------     ------
  hconst size          =    ------     ------
End of Module Information.


C251 COMPILATION COMPLETE.  0 WARNING(S),  0 ERROR(S)
