C251 COMPILER V5.60.0,  STC32G_LCM                                                         24/03/23  00:55:31  PAGE 1   


C251 COMPILER V5.60.0, COMPILATION OF MODULE STC32G_LCM
OBJECT MODULE PLACED IN .\Objects\STC32G_LCM.obj
COMPILER INVOKED BY: C:\Keil_v5\C251\BIN\C251.EXE Sources\Driver\src\STC32G_LCM.c XSMALL FUNCTIONS(REENTRANT) OPTIMIZE(4
                    -,SPEED) BROWSE INCDIR(.\Sources\User;.\Sources\User\include;.\Sources\FreeRTOS\include;.\Sources\FreeRTOS\portable\STC32
                    -G12K128;.\Sources\Driver\inc;.\Sources\Task\inc;.\Sources\ch395) DEBUG PRINT(.\Listings\STC32G_LCM.lst) TABS(2) OBJECT(.
                    -\Objects\STC32G_LCM.obj) 

stmt  level    source

    1          /*---------------------------------------------------------------------*/
    2          /* --- STC MCU Limited ------------------------------------------------*/
    3          /* --- STC 1T Series MCU Demo Programme -------------------------------*/
    4          /* --- Mobile: (86)13922805190 ----------------------------------------*/
    5          /* --- Fax: 86-0513-55012956,55012947,55012969 ------------------------*/
    6          /* --- Tel: 86-0513-55012928,55012929,55012966 ------------------------*/
    7          /* --- Web: www.STCMCU.com --------------------------------------------*/
    8          /* --- Web: www.STCMCUDATA.com  ---------------------------------------*/
    9          /* --- QQ:  800003751 -------------------------------------------------*/
   10          /* Â¶ÇÊûúË¶ÅÂú®Á®ãÂ∫è‰∏≠‰ΩøÁî®Ê≠§‰ª£Á†Å,ËØ∑Âú®Á®ãÂ∫è‰∏≠Ê≥®Êòé‰ΩøÁî®‰∫ÜSTCÁöÑËµÑÊñôÂèäÁ®ãÂ∫è            */
   11          /*---------------------------------------------------------------------*/
   12          
   13          #include "STC32G_LCM.h"
   14          
   15          //========================================================================
   16          // ÂáΩÊï∞: void LCM_Inilize(LCM_InitTypeDef *LCM)
   17          // ÊèèËø∞: LCM ÂàùÂßãÂåñÁ®ãÂ∫è.
   18          // ÂèÇÊï∞: LCM: ÁªìÊûÑÂèÇÊï∞,ËØ∑ÂèÇËÄÉLCM.hÈáåÁöÑÂÆö‰πâ.
   19          // ËøîÂõû: none.
   20          // ÁâàÊú¨: V1.0, 2021-06-02
   21          //========================================================================
   22          void LCM_Inilize(LCM_InitTypeDef *LCM)
   23          {
   24   1        LCMIFSTA = 0x00;
   25   1        if(LCM->LCM_Mode == MODE_M6800)   LCMIFCFG |= MODE_M6800; //LCMÊé•Âè£Ê®°ÂºèÔºöM6800
   26   1        else LCMIFCFG &= ~MODE_M6800; //LCMÊé•Âè£Ê®°ÂºèÔºöI8080
   27   1        
   28   1        if(LCM->LCM_Bit_Wide == BIT_WIDE_16)    LCMIFCFG |= BIT_WIDE_16;  //LCMÊï∞ÊçÆÂÆΩÂ∫¶Ôºö16‰Ωç
   29   1        else LCMIFCFG &= ~BIT_WIDE_16;  //LCMÊï∞ÊçÆÂÆΩÂ∫¶Ôºö8‰Ωç
   30   1        
   31   1        if(LCM->LCM_Setup_Time <= 7) LCMIFCFG2 = (LCMIFCFG2 & ~0x1c) | (LCM->LCM_Setup_Time << 2);  //LCMÈÄö‰ø°Êï
             -∞ÊçÆÂª∫Á´ãÊó∂Èó¥Ôºö0~7
   32   1        if(LCM->LCM_Hold_Time <= 3) LCMIFCFG2 = (LCMIFCFG2 & ~0x03) | LCM->LCM_Hold_Time; //LCMÈÄö‰ø°Êï∞ÊçÆÂª∫Á´
             -ãÊó∂Èó¥Ôºö0~7
   33   1        
   34   1        if(LCM->LCM_Enable == ENABLE)   LCMIFCR |= 0x80;  //‰ΩøËÉΩLCMÊé•Âè£ÂäüËÉΩ
   35   1        else LCMIFCR &= ~0x80;  //Á¶ÅÊ≠¢LCMÊé•Âè£ÂäüËÉΩ
   36   1      }


Module Information          Static   Overlayable
------------------------------------------------
  code size            =       197     ------
  ecode size           =    ------     ------
  data size            =    ------     ------
  idata size           =    ------     ------
  pdata size           =    ------     ------
  xdata size           =    ------     ------
  xdata-const size     =    ------     ------
  edata size           =    ------     ------
  bit size             =    ------     ------
  ebit size            =    ------     ------
  bitaddressable size  =    ------     ------
  ebitaddressable size =    ------     ------
  far data size        =    ------     ------
  huge data size       =    ------     ------
  const size           =    ------     ------
C251 COMPILER V5.60.0,  STC32G_LCM                                                         24/03/23  00:55:31  PAGE 2   

  hconst size          =    ------     ------
End of Module Information.


C251 COMPILATION COMPLETE.  0 WARNING(S),  0 ERROR(S)
