C251 COMPILER V5.60.0,  STC32G_ADC                                                         24/03/23  00:55:28  PAGE 1   


C251 COMPILER V5.60.0, COMPILATION OF MODULE STC32G_ADC
OBJECT MODULE PLACED IN .\Objects\STC32G_ADC.obj
COMPILER INVOKED BY: C:\Keil_v5\C251\BIN\C251.EXE Sources\Driver\src\STC32G_ADC.c XSMALL FUNCTIONS(REENTRANT) OPTIMIZE(4
                    -,SPEED) BROWSE INCDIR(.\Sources\User;.\Sources\User\include;.\Sources\FreeRTOS\include;.\Sources\FreeRTOS\portable\STC32
                    -G12K128;.\Sources\Driver\inc;.\Sources\Task\inc;.\Sources\ch395) DEBUG PRINT(.\Listings\STC32G_ADC.lst) TABS(2) OBJECT(.
                    -\Objects\STC32G_ADC.obj) 

stmt  level    source

    1          /*---------------------------------------------------------------------*/
    2          /* --- STC MCU Limited ------------------------------------------------*/
    3          /* --- STC 1T Series MCU Demo Programme -------------------------------*/
    4          /* --- Mobile: (86)13922805190 ----------------------------------------*/
    5          /* --- Fax: 86-0513-55012956,55012947,55012969 ------------------------*/
    6          /* --- Tel: 86-0513-55012928,55012929,55012966 ------------------------*/
    7          /* --- Web: www.STCMCU.com --------------------------------------------*/
    8          /* --- Web: www.STCMCUDATA.com  ---------------------------------------*/
    9          /* --- QQ:  800003751 -------------------------------------------------*/
   10          /* å¦‚æœè¦åœ¨ç¨‹åºä¸­ä½¿ç”¨æ­¤ä»£ç ,è¯·åœ¨ç¨‹åºä¸­æ³¨æ˜ä½¿ç”¨äº†STCçš„èµ„æ–™åŠç¨‹åº            */
   11          /*---------------------------------------------------------------------*/
   12          
   13          #include "STC32G_ADC.h"
   14          
   15          //========================================================================
   16          // å‡½æ•°: uint8_t  ADC_Inilize(ADC_InitTypeDef *ADCx)
   17          // æè¿°: ADCåˆå§‹åŒ–ç¨‹åº.
   18          // å‚æ•°: ADCx: ç»“æ„å‚æ•°,è¯·å‚è€ƒadc.hé‡Œçš„å®šä¹‰.
   19          // è¿”å›: none.
   20          // ç‰ˆæœ¬: V1.0, 2012-10-22
   21          //========================================================================
   22          uint8_t ADC_Inilize(ADC_InitTypeDef *ADCx)
   23          {
   24   1        ADCCFG = (ADCCFG & ~ADC_SPEED_2X16T) | ADCx->ADC_Speed; //è®¾ç½®ADCå·¥ä½œæ—¶é’Ÿé¢‘ç‡
   25   1        ADC_Justify(ADCx->ADC_AdjResult);   //ADè½¬æ¢ç»“æœå¯¹é½æ–¹å¼
   26   1      
   27   1        if(ADCx->ADC_SMPduty > 31)  return FAIL;  //é”™è¯¯
   28   1        if(ADCx->ADC_CsSetup > 1) return FAIL;  //é”™è¯¯
   29   1        if(ADCx->ADC_CsHold > 3)  return FAIL;  //é”™è¯¯
   30   1      
   31   1        ADCTIM = (ADCx->ADC_CsSetup << 7) | (ADCx->ADC_CsHold << 5) | ADCx->ADC_SMPduty ;   //è®¾ç½® ADC å†…éƒ¨æ—
             -¶åºï¼ŒADCé‡‡æ ·æ—¶é—´å»ºè®®è®¾æœ€å¤§å€¼
   32   1        return SUCCESS;
   33   1      }
   34          
   35          
   36          //========================================================================
   37          // å‡½æ•°: void ADC_PowerControl(uint8_t pwr)
   38          // æè¿°: ADCç”µæºæ§åˆ¶ç¨‹åº.
   39          // å‚æ•°: pwr: ç”µæºæ§åˆ¶,ENABLEæˆ–DISABLE.
   40          // è¿”å›: none.
   41          // ç‰ˆæœ¬: V1.0, 2012-10-22
   42          //========================================================================
   43          void ADC_PowerControl(uint8_t pwr)
   44          {
   45   1        if(pwr == ENABLE) ADC_POWER = 1;
   46   1        else        ADC_POWER = 0;
   47   1      }
   48          
   49          //========================================================================
   50          // å‡½æ•°: uint16_t Get_ADCResult(uint8_t channel)
   51          // æè¿°: æŸ¥è¯¢æ³•è¯»ä¸€æ¬¡ADCè½¬æ¢ç»“æœ.
   52          // å‚æ•°: channel: é€‰æ‹©è¦è½¬æ¢çš„ADCé€šé“.
   53          // è¿”å›: ADCè½¬æ¢ç»“æœ.
   54          // ç‰ˆæœ¬: V1.0, 2012-10-22
   55          //========================================================================
C251 COMPILER V5.60.0,  STC32G_ADC                                                         24/03/23  00:55:28  PAGE 2   

   56          uint16_t Get_ADCResult(uint8_t channel) //channel = 0~15
   57          {
   58   1        uint16_t  adc;
   59   1        uint8_t i;
   60   1      
   61   1        if(channel > ADC_CH15)  return  4096; //é”™è¯¯,è¿”å›4096,è°ƒç”¨çš„ç¨‹åºåˆ¤æ–­ 
   62   1        ADC_RES = 0;
   63   1        ADC_RESL = 0;
   64   1      
   65   1        ADC_CONTR = (ADC_CONTR & 0xf0) | channel; //è®¾ç½®ADCè½¬æ¢é€šé“
   66   1        ADC_START = 1;//å¯åŠ¨ADCè½¬æ¢
   67   1        NOP(10);      //å¯¹ADC_CONTRæ“ä½œåè¦4Tä¹‹åæ‰èƒ½è®¿é—®
   68   1      
   69   1        for(i=0; i<250; i++)    //è¶…æ—¶è¿”å›ï¼Œæ­£å¸¸iç­‰äº10ä»¥å†…å°±å¯ä»¥è½¬æ¢å®Œæˆ
   70   1        {
   71   2          if(ADC_FLAG)
   72   2          {
   73   3            ADC_FLAG = 0; //æ¸…é™¤ADCè½¬æ¢ç»“æŸæ ‡å¿—
   74   3            if(RESFMT)    //è½¬æ¢ç»“æœå³å¯¹é½ã€‚ 
   75   3            {
   76   4              adc = ((uint16_t)ADC_RES << 8) | ADC_RESL;
   77   4            }
   78   3            else    //è½¬æ¢ç»“æœå·¦å¯¹é½ã€‚ 
   79   3            {
   80   4              adc = (uint16_t)ADC_RES;
   81   4              adc = (adc << 4) | ((ADC_RESL >> 4) & 0x0f);
   82   4            }
   83   3            return  adc;
   84   3          }
   85   2        }
   86   1        return  4096; //é”™è¯¯,è¿”å›4096,è°ƒç”¨çš„ç¨‹åºåˆ¤æ–­
   87   1      }


Module Information          Static   Overlayable
------------------------------------------------
  code size            =       219     ------
  ecode size           =    ------     ------
  data size            =    ------     ------
  idata size           =    ------     ------
  pdata size           =    ------     ------
  xdata size           =    ------     ------
  xdata-const size     =    ------     ------
  edata size           =    ------     ------
  bit size             =    ------     ------
  ebit size            =    ------     ------
  bitaddressable size  =    ------     ------
  ebitaddressable size =    ------     ------
  far data size        =    ------     ------
  huge data size       =    ------     ------
  const size           =    ------     ------
  hconst size          =    ------     ------
End of Module Information.


C251 COMPILATION COMPLETE.  0 WARNING(S),  0 ERROR(S)
