C251 COMPILER V5.60.0,  task_uart1                                                         19/03/23  19:37:57  PAGE 1   


C251 COMPILER V5.60.0, COMPILATION OF MODULE task_uart1
OBJECT MODULE PLACED IN .\Objects\task_uart1.obj
COMPILER INVOKED BY: C:\Keil_v5\C251\BIN\C251.EXE Sources\Task\src\task_uart1.c XSMALL FUNCTIONS(REENTRANT) OPTIMIZE(4,S
                    -PEED) BROWSE INCDIR(.\Sources\User;.\Sources\User\include;.\Sources\FreeRTOS\include;.\Sources\FreeRTOS\portable\STC32G1
                    -2K128;.\Sources\Driver\inc;.\Sources\Task\inc;.\Sources\Driver\ch395) DEBUG PRINT(.\Listings\task_uart1.lst) TABS(2) OBJ
                    -ECT(.\Objects\task_uart1.obj) 

stmt  level    source

    1          /*---------------------------------------------------------------------*/
    2          /* --- STC MCU Limited ------------------------------------------------*/
    3          /* --- STC 1T Series MCU Demo Programme -------------------------------*/
    4          /* --- Mobile: (86)13922805190 ----------------------------------------*/
    5          /* --- Fax: 86-0513-55012956,55012947,55012969 ------------------------*/
    6          /* --- Tel: 86-0513-55012928,55012929,55012966 ------------------------*/
    7          /* --- Web: www.STCMCU.com --------------------------------------------*/
    8          /* --- Web: www.STCMCUDATA.com  ---------------------------------------*/
    9          /* --- QQ:  800003751 -------------------------------------------------*/
   10          /* å¦‚æžœè¦åœ¨ç¨‹åºä¸­ä½¿ç”¨æ­¤ä»£ç ,è¯·åœ¨ç¨‹åºä¸­æ³¨æ˜Žä½¿ç”¨äº†STCçš„èµ„æ–™åŠç¨‹åº            */
   11          /*---------------------------------------------------------------------*/
   12          
   13          
   14          /*************  åŠŸèƒ½è¯´æ˜Ž    **************
   15          
   16          æœ¬ä¾‹ç¨‹åŸºäºŽSTC32Gä¸ºä¸»æŽ§èŠ¯ç‰‡çš„å®žéªŒç®±9è¿›è¡Œç¼–å†™æµ‹è¯•.
   17          
   18          çŸ­æŽ¥å®žéªŒç®±ä¸Šçš„J7ã€J8è·³çº¿è¿›è¡Œæµ‹è¯•.
   19          
   20          ä¸²å£3å®šæ—¶å‘é€ä¸€ä¸²æ•°æ®ç»™ä¸²å£2.
   21          
   22          ä¸²å£2è¾“å‡ºä»Žä¸²å£3æŽ¥æ”¶åˆ°çš„æ•°æ®.
   23          
   24          å¾€ä¸²å£2å‘é€æ•°æ®ï¼ŒMCUæ”¶åˆ°åŽä»Žä¸²å£2åŽŸæ ·è¾“å‡º.
   25          
   26          ******************************************/
   27          
   28          #include "FreeRTOS.h"
   29          #include "task.h"
   30          
   31          #include "STC32G_UART.h"
   32          #include "task_uart1.h"
   33          
   34          extern void TX1_write1buff(uint8_t dat);
   35          
   36          uint16_t Sec_Cnt;    //1ç§’è®¡æ•°
   37          
   38          /* UARTä»»åŠ¡å‡½æ•° */
   39          portTASK_FUNCTION( vUart1Task, pvParameters )
   40          {
   41   1          uint8_t i;
   42   1          
   43   1          Sec_Cnt = 0;
   44   1      
   45   1          PrintString1("STC32G UART1-UART3 Test Programme!\r\n");  //UART2å‘é€ä¸€ä¸ªå­—ç¬¦ä¸²
   46   1          PrintString3("STC32G UART3-UART1 Test Programme!\r\n");  //UART3å‘é€ä¸€ä¸ªå­—ç¬¦ä¸²
   47   1          while(1)
   48   1          {
   49   2              Sec_Cnt++;
   50   2              if(Sec_Cnt >= (uint16_t)pvParameters)
   51   2              {
   52   3                  Sec_Cnt = 0;
   53   3                  PrintString3("STC32G UART3-UART1 Test Programme!\r\n");  //UART3å‘é€ä¸€ä¸ªå­—ç¬¦ä¸²
   54   3              }
   55   2      
   56   2              if(COM1.RX_TimeOut > 0)
C251 COMPILER V5.60.0,  task_uart1                                                         19/03/23  19:37:57  PAGE 2   

   57   2              {
   58   3                  if(--COM1.RX_TimeOut == 0)
   59   3                  {
   60   4                      if(COM1.RX_Cnt > 0)
   61   4                      {
   62   5                          for(i=0; i<COM1.RX_Cnt; i++)    TX1_write1buff(RX1_Buffer[i]);    //æŠŠæ”¶åˆ°çš„æ•°æ
             -®é€šè¿‡ä¸²å£1è¾“å‡º
   63   5                          COM1.RX_Cnt = 0;   //æ¸…é™¤å­—èŠ‚æ•°
   64   5                      }
   65   4                  }
   66   3              }
   67   2              
   68   2              vTaskDelay(1);
   69   2          }
   70   1          
   71   1          vTaskDelete(NULL);
   72   1      }   


Module Information          Static   Overlayable
------------------------------------------------
  code size            =       140     ------
  ecode size           =    ------     ------
  data size            =    ------     ------
  idata size           =    ------     ------
  pdata size           =    ------     ------
  xdata size           =    ------     ------
  xdata-const size     =    ------     ------
  edata size           =         2     ------
  bit size             =    ------     ------
  ebit size            =    ------     ------
  bitaddressable size  =    ------     ------
  ebitaddressable size =    ------     ------
  far data size        =    ------     ------
  huge data size       =    ------     ------
  const size           =    ------     ------
  hconst size          =        74     ------
End of Module Information.


C251 COMPILATION COMPLETE.  0 WARNING(S),  0 ERROR(S)
