C251 COMPILER V5.60.0,  uart2_3                                                            24/03/23  00:55:27  PAGE 1   


C251 COMPILER V5.60.0, COMPILATION OF MODULE uart2_3
OBJECT MODULE PLACED IN .\Objects\uart2_3.obj
COMPILER INVOKED BY: C:\Keil_v5\C251\BIN\C251.EXE Sources\Task\src\uart2_3.c XSMALL FUNCTIONS(REENTRANT) OPTIMIZE(4,SPEE
                    -D) BROWSE INCDIR(.\Sources\User;.\Sources\User\include;.\Sources\FreeRTOS\include;.\Sources\FreeRTOS\portable\STC32G12K1
                    -28;.\Sources\Driver\inc;.\Sources\Task\inc;.\Sources\ch395) DEBUG PRINT(.\Listings\uart2_3.lst) TABS(2) OBJECT(.\Objects
                    -\uart2_3.obj) 

stmt  level    source

    1          /*---------------------------------------------------------------------*/
    2          /* --- STC MCU Limited ------------------------------------------------*/
    3          /* --- STC 1T Series MCU Demo Programme -------------------------------*/
    4          /* --- Mobile: (86)13922805190 ----------------------------------------*/
    5          /* --- Fax: 86-0513-55012956,55012947,55012969 ------------------------*/
    6          /* --- Tel: 86-0513-55012928,55012929,55012966 ------------------------*/
    7          /* --- Web: www.STCMCU.com --------------------------------------------*/
    8          /* --- Web: www.STCMCUDATA.com  ---------------------------------------*/
    9          /* --- QQ:  800003751 -------------------------------------------------*/
   10          /* å¦‚æžœè¦åœ¨ç¨‹åºä¸­ä½¿ç”¨æ­¤ä»£ç ,è¯·åœ¨ç¨‹åºä¸­æ³¨æ˜Žä½¿ç”¨äº†STCçš„èµ„æ–™åŠç¨‹åº            */
   11          /*---------------------------------------------------------------------*/
   12          
   13          
   14          /*************  åŠŸèƒ½è¯´æ˜Ž    **************
   15          
   16          æœ¬ä¾‹ç¨‹åŸºäºŽSTC32Gä¸ºä¸»æŽ§èŠ¯ç‰‡çš„å®žéªŒç®±9è¿›è¡Œç¼–å†™æµ‹è¯•.
   17          
   18          çŸ­æŽ¥å®žéªŒç®±ä¸Šçš„J7ã€J8è·³çº¿è¿›è¡Œæµ‹è¯•.
   19          
   20          ä¸²å£3å®šæ—¶å‘é€ä¸€ä¸²æ•°æ®ç»™ä¸²å£2.
   21          
   22          ä¸²å£2è¾“å‡ºä»Žä¸²å£3æŽ¥æ”¶åˆ°çš„æ•°æ®.
   23          
   24          å¾€ä¸²å£2å‘é€æ•°æ®ï¼ŒMCUæ”¶åˆ°åŽä»Žä¸²å£2åŽŸæ ·è¾“å‡º.
   25          
   26          ******************************************/
   27          
   28          #include "FreeRTOS.h"
   29          #include "task.h"
   30          
   31          #include "STC32G_UART.h"
   32          #include "uart2_3.h"
   33          
   34          extern void TX2_write2buff(uint8_t dat);
   35          
   36          uint16_t Sec_Cnt;    //1ç§’è®¡æ•°
   37          
   38          /* UARTä»»åŠ¡å‡½æ•° */
   39          portTASK_FUNCTION( vUart2_3Task, pvParameters )
   40          {
   41   1          uint8_t i;
   42   1          
   43   1          Sec_Cnt = 0;
   44   1      
   45   1          PrintString2("STC32G UART2-UART3 Test Programme!\r\n");  //UART2å‘é€ä¸€ä¸ªå­—ç¬¦ä¸²
   46   1          PrintString3("STC32G UART3-UART2 Test Programme!\r\n");  //UART3å‘é€ä¸€ä¸ªå­—ç¬¦ä¸²
   47   1          while(1)
   48   1          {
   49   2      
   50   2      
   51   2      
   52   2              Sec_Cnt++;
   53   2              if(Sec_Cnt >= (uint16_t)pvParameters)
   54   2              {
   55   3                  Sec_Cnt = 0;
   56   3                  PrintString2("STC32G UART3-UART2 Test Programme!\r\n");  //UART3å‘é€ä¸€ä¸ªå­—ç¬¦ä¸²
C251 COMPILER V5.60.0,  uart2_3                                                            24/03/23  00:55:27  PAGE 2   

   57   3              }
   58   2      
   59   2              if(COM2.RX_TimeOut > 0)
   60   2              {
   61   3                  if(--COM2.RX_TimeOut == 0)
   62   3                  {
   63   4                      if(COM2.RX_Cnt > 0)
   64   4                      {
   65   5                          for(i=0; i<COM2.RX_Cnt; i++)    TX2_write2buff(RX2_Buffer[i]);    //æŠŠæ”¶åˆ°çš„æ•°æ
             -®é€šè¿‡ä¸²å£2è¾“å‡º
   66   5                          COM2.RX_Cnt = 0;   //æ¸…é™¤å­—èŠ‚æ•°
   67   5                      }
   68   4                  }
   69   3              }
   70   2              
   71   2              vTaskDelay(1);
   72   2          }
   73   1          
   74   1          vTaskDelete(NULL);
   75   1      }   


Module Information          Static   Overlayable
------------------------------------------------
  code size            =       140     ------
  ecode size           =    ------     ------
  data size            =    ------     ------
  idata size           =    ------     ------
  pdata size           =    ------     ------
  xdata size           =    ------     ------
  xdata-const size     =    ------     ------
  edata size           =         2     ------
  bit size             =    ------     ------
  ebit size            =    ------     ------
  bitaddressable size  =    ------     ------
  ebitaddressable size =    ------     ------
  far data size        =    ------     ------
  huge data size       =    ------     ------
  const size           =    ------     ------
  hconst size          =        74     ------
End of Module Information.


C251 COMPILATION COMPLETE.  0 WARNING(S),  0 ERROR(S)
